<?xml version="1.0" encoding="UTF-8"?>
<!-- Generated by org.testng.reporters.JUnitXMLReporter -->
<testsuite ignored="3" hostname="INPUEN-DL146" failures="0" tests="2" name="Release 2022.5 sanity Testing" time="24.234" errors="0" timestamp="2022-03-15T08:29:44 IST">
  <testcase classname="com.mavenproject.qa.mavenproject.Ebay_Sanity_Test_Case_1" name="empty_Search_test2" time="0.14"/>
  <testcase classname="com.mavenproject.qa.mavenproject.Ebay_Sanity_Test_Case_2" name="empty_Search_test_softassert" time="1.001"/>
  <testcase classname="com.mavenproject.qa.mavenproject.Ebay_Sanity_Test_Case_1" name="empty_Search_test" time="0.0">
    <ignored/>
  </testcase> <!-- empty_Search_test -->
  <testcase classname="com.mavenproject.qa.mavenproject.Ebay_Sanity_Test_Case_2" name="empty_Search_test" time="0.0">
    <ignored/>
  </testcase> <!-- empty_Search_test -->
  <testcase classname="com.mavenproject.qa.mavenproject.Ebay_Sanity_Test_Case_1" name="empty_Search_test_softassert" time="0.0">
    <ignored/>
  </testcase> <!-- empty_Search_test_softassert -->
</testsuite> <!-- Release 2022.5 sanity Testing -->
