<?xml version="1.0" encoding="UTF-8"?>
<!-- Generated by org.testng.reporters.JUnitXMLReporter -->
<testsuite ignored="4" hostname="INPUEN-DL146" failures="0" tests="6" name="Default test" time="2.589" errors="0" timestamp="2022-03-16T08:33:06 IST">
  <testcase classname="com.mavenproject.qa.mavenproject.DemoTest1" name="test5" time="0.011"/>
  <testcase classname="com.mavenproject.qa.mavenproject.DemoTest1" name="test5" time="0.005"/>
  <testcase classname="com.mavenproject.qa.mavenproject.DemoTest1" name="test5" time="0.003"/>
  <testcase classname="com.mavenproject.qa.mavenproject.DemoTest1" name="test5" time="0.003"/>
  <testcase classname="com.mavenproject.qa.mavenproject.DemoTest1" name="test5" time="0.008"/>
  <testcase classname="com.mavenproject.qa.mavenproject.DemoTest1" name="test5" time="0.007"/>
  <testcase classname="com.mavenproject.qa.mavenproject.DemoTest1" name="test3" time="0.0">
    <ignored/>
  </testcase> <!-- test3 -->
  <testcase classname="com.mavenproject.qa.mavenproject.DemoTest1" name="test4" time="0.0">
    <ignored/>
  </testcase> <!-- test4 -->
  <testcase classname="com.mavenproject.qa.mavenproject.DemoTest1" name="test1" time="0.0">
    <ignored/>
  </testcase> <!-- test1 -->
  <testcase classname="com.mavenproject.qa.mavenproject.DemoTest1" name="test2" time="0.0">
    <ignored/>
  </testcase> <!-- test2 -->
</testsuite> <!-- Default test -->
