<?xml version="1.0" encoding="UTF-8"?>
<!-- Generated by org.testng.reporters.JUnitXMLReporter -->
<testsuite hostname="INPUEN-DL146" failures="0" tests="2" name="Before and After Test Annotation" time="0.046" errors="0" timestamp="8 Mar 2022 02:28:11 GMT">
  <testcase classname="com.mavenproject.qa.mavenproject.Demo_Test" name="Test1" time="0.008"/>
  <testcase classname="com.mavenproject.qa.mavenproject.Demo_Test" name="Test2" time="0.002"/>
</testsuite> <!-- Before and After Test Annotation -->
