<?xml version="1.0" encoding="UTF-8"?>
<!-- Generated by org.testng.reporters.JUnitXMLReporter -->
<testsuite hostname="INPUEN-DL146" failures="0" tests="2" name="General Testing" time="34.439" errors="0" timestamp="8 Mar 2022 02:28:46 GMT">
  <testcase classname="com.mavenproject.qa.mavenproject.Ebay_Sanity1" name="empty_Search_test" time="1.595"/>
  <testcase classname="com.mavenproject.qa.mavenproject.Ebay_Sanity1" name="empty_Search_test_softassert" time="3.25"/>
</testsuite> <!-- General Testing -->
