<?xml version="1.0" encoding="UTF-8"?>
<testng-results ignored="3" total="5" passed="2" failed="0" skipped="0">
  <reporter-output>
  </reporter-output>
  <suite started-at="2022-03-25T08:15:01 IST" name="Ebay Sanity Test Suite" finished-at="2022-03-25T08:15:13 IST" duration-ms="12203">
    <groups>
      <group name="P1">
        <method signature="Ebay_Sanity_Test_Case_1.empty_Search_test2()[pri:0, instance:com.mavenproject.qa.mavenproject.Ebay_Sanity_Test_Case_1@3d6f0054]" name="empty_Search_test2" class="com.mavenproject.qa.mavenproject.Ebay_Sanity_Test_Case_1"/>
        <method signature="Ebay_Sanity_Test_Case_2.empty_Search_test_softassert()[pri:0, instance:com.mavenproject.qa.mavenproject.Ebay_Sanity_Test_Case_2@d5b810e]" name="empty_Search_test_softassert" class="com.mavenproject.qa.mavenproject.Ebay_Sanity_Test_Case_2"/>
      </group> <!-- P1 -->
      <group name="P3">
        <method signature="Ebay_Sanity_Test_Case_1.empty_Search_test2()[pri:0, instance:com.mavenproject.qa.mavenproject.Ebay_Sanity_Test_Case_1@3d6f0054]" name="empty_Search_test2" class="com.mavenproject.qa.mavenproject.Ebay_Sanity_Test_Case_1"/>
        <method signature="Ebay_Sanity_Test_Case_2.empty_Search_test_softassert()[pri:0, instance:com.mavenproject.qa.mavenproject.Ebay_Sanity_Test_Case_2@d5b810e]" name="empty_Search_test_softassert" class="com.mavenproject.qa.mavenproject.Ebay_Sanity_Test_Case_2"/>
      </group> <!-- P3 -->
    </groups>
    <test started-at="2022-03-25T08:15:01 IST" name="Release 2022.5 sanity Testing" finished-at="2022-03-25T08:15:13 IST" duration-ms="12203">
      <class name="com.mavenproject.qa.mavenproject.Ebay_Sanity_Test_Case_1">
        <test-method is-config="true" signature="setup(java.lang.String,java.lang.String)[pri:0, instance:com.mavenproject.qa.mavenproject.Ebay_Sanity_Test_Case_1@3d6f0054]" started-at="2022-03-25T08:15:01 IST" name="setup" finished-at="2022-03-25T08:15:11 IST" duration-ms="10550" status="PASS">
          <params>
            <param index="0">
              <value>
                <![CDATA[Chrome]]>
              </value>
            </param>
            <param index="1">
              <value>
                <![CDATA[D:\\Eclipse\\ChromeDrivers\\chromedriver.exe]]>
              </value>
            </param>
          </params>
          <reporter-output>
          </reporter-output>
        </test-method> <!-- setup -->
        <test-method signature="empty_Search_test2()[pri:0, instance:com.mavenproject.qa.mavenproject.Ebay_Sanity_Test_Case_1@3d6f0054]" started-at="2022-03-25T08:15:11 IST" name="empty_Search_test2" finished-at="2022-03-25T08:15:11 IST" duration-ms="90" status="PASS">
          <reporter-output>
          </reporter-output>
        </test-method> <!-- empty_Search_test2 -->
        <test-method is-config="true" signature="systemclose()[pri:0, instance:com.mavenproject.qa.mavenproject.Ebay_Sanity_Test_Case_1@3d6f0054]" started-at="2022-03-25T08:15:11 IST" name="systemclose" finished-at="2022-03-25T08:15:13 IST" duration-ms="1510" status="PASS">
          <reporter-output>
          </reporter-output>
        </test-method> <!-- systemclose -->
      </class> <!-- com.mavenproject.qa.mavenproject.Ebay_Sanity_Test_Case_1 -->
      <class name="com.mavenproject.qa.mavenproject.Ebay_Sanity_Test_Case_2">
        <test-method is-config="true" signature="setup(java.lang.String,java.lang.String)[pri:0, instance:com.mavenproject.qa.mavenproject.Ebay_Sanity_Test_Case_2@d5b810e]" started-at="2022-03-25T08:15:01 IST" name="setup" finished-at="2022-03-25T08:15:10 IST" duration-ms="9676" status="PASS">
          <params>
            <param index="0">
              <value>
                <![CDATA[Chrome]]>
              </value>
            </param>
            <param index="1">
              <value>
                <![CDATA[D:\\Eclipse\\ChromeDrivers\\chromedriver.exe]]>
              </value>
            </param>
          </params>
          <reporter-output>
          </reporter-output>
        </test-method> <!-- setup -->
        <test-method signature="empty_Search_test_softassert()[pri:0, instance:com.mavenproject.qa.mavenproject.Ebay_Sanity_Test_Case_2@d5b810e]" started-at="2022-03-25T08:15:10 IST" name="empty_Search_test_softassert" finished-at="2022-03-25T08:15:10 IST" duration-ms="104" status="PASS">
          <reporter-output>
          </reporter-output>
        </test-method> <!-- empty_Search_test_softassert -->
        <test-method is-config="true" signature="systemclose()[pri:0, instance:com.mavenproject.qa.mavenproject.Ebay_Sanity_Test_Case_2@d5b810e]" started-at="2022-03-25T08:15:10 IST" name="systemclose" finished-at="2022-03-25T08:15:11 IST" duration-ms="194" status="PASS">
          <reporter-output>
          </reporter-output>
        </test-method> <!-- systemclose -->
      </class> <!-- com.mavenproject.qa.mavenproject.Ebay_Sanity_Test_Case_2 -->
    </test> <!-- Release 2022.5 sanity Testing -->
  </suite> <!-- Ebay Sanity Test Suite -->
</testng-results>
