<?xml version="1.0" encoding="UTF-8"?>
<!-- Generated by org.testng.reporters.JUnitXMLReporter -->
<testsuite hostname="INPUEN-DL146" failures="0" tests="3" name="Include Exclude Relationship Release 2022.5 sanity Testing" time="44.089" errors="0" timestamp="8 Mar 2022 02:01:58 GMT">
  <testcase classname="com.mavenproject.qa.mavenproject.Ebay_Sanity" name="empty_Search_test" time="1.675"/>
  <testcase classname="com.mavenproject.qa.mavenproject.Ebay_Sanity" name="empty_Search_test2" time="1.739"/>
  <testcase classname="com.mavenproject.qa.mavenproject.Ebay_Sanity1" name="empty_Search_test" time="0.171"/>
</testsuite> <!-- Include Exclude Relationship Release 2022.5 sanity Testing -->
